<?xml version="1.0" encoding="UTF-8"?>
<testng-results ignored="0" total="12" passed="12" failed="0" skipped="0">
  <reporter-output>
  </reporter-output>
  <suite started-at="2024-04-03T13:17:26 IST" name="NextGenAI Automation Suite" finished-at="2024-04-03T13:23:50 IST" duration-ms="383766">
    <groups>
      <group name="cucumber">
        <method signature="AbstractTestNGCucumberTests.runScenario(io.cucumber.testng.PickleWrapper,io.cucumber.testng.FeatureWrapper)[pri:0, instance:TestRunner.FeatureRunner@e383572]" name="runScenario" class="io.cucumber.testng.AbstractTestNGCucumberTests"/>
      </group> <!-- cucumber -->
    </groups>
    <test started-at="2024-04-03T13:17:26 IST" name="NextGenAI Automation Tests" finished-at="2024-04-03T13:23:50 IST" duration-ms="383766">
      <class name="TestRunner.FeatureRunner">
        <test-method is-config="true" signature="setUpClass(org.testng.ITestContext)[pri:0, instance:TestRunner.FeatureRunner@e383572]" started-at="2024-04-03T13:17:26 IST" name="setUpClass" finished-at="2024-04-03T13:17:28 IST" duration-ms="1381" status="PASS">
          <params>
            <param index="0">
              <value>
                <![CDATA[org.testng.TestRunner@2a5d2041]]>
              </value>
            </param>
          </params>
          <reporter-output>
          </reporter-output>
        </test-method> <!-- setUpClass -->
        <test-method signature="runScenario(io.cucumber.testng.PickleWrapper,io.cucumber.testng.FeatureWrapper)[pri:0, instance:TestRunner.FeatureRunner@e383572]" started-at="2024-04-03T13:17:28 IST" name="runScenario" description="Runs Cucumber Scenarios" data-provider="scenarios" finished-at="2024-04-03T13:18:13 IST" duration-ms="44857" status="PASS">
          <params>
            <param index="0">
              <value>
                <![CDATA["Validate Alerts and Popup Page"]]>
              </value>
            </param>
            <param index="1">
              <value>
                <![CDATA["Alerts & Popup"]]>
              </value>
            </param>
          </params>
          <reporter-output>
          </reporter-output>
        </test-method> <!-- runScenario -->
        <test-method signature="runScenario(io.cucumber.testng.PickleWrapper,io.cucumber.testng.FeatureWrapper)[pri:0, instance:TestRunner.FeatureRunner@e383572]" started-at="2024-04-03T13:18:13 IST" name="runScenario" description="Runs Cucumber Scenarios" data-provider="scenarios" finished-at="2024-04-03T13:18:42 IST" duration-ms="29178" status="PASS">
          <params>
            <param index="0">
              <value>
                <![CDATA["Navigate to Registration Page"]]>
              </value>
            </param>
            <param index="1">
              <value>
                <![CDATA["Demo Sites Navigations"]]>
              </value>
            </param>
          </params>
          <reporter-output>
          </reporter-output>
        </test-method> <!-- runScenario -->
        <test-method signature="runScenario(io.cucumber.testng.PickleWrapper,io.cucumber.testng.FeatureWrapper)[pri:0, instance:TestRunner.FeatureRunner@e383572]" started-at="2024-04-03T13:18:42 IST" name="runScenario" description="Runs Cucumber Scenarios" data-provider="scenarios" finished-at="2024-04-03T13:19:14 IST" duration-ms="32546" status="PASS">
          <params>
            <param index="0">
              <value>
                <![CDATA["Navigate to Dynamic Transaction Page"]]>
              </value>
            </param>
            <param index="1">
              <value>
                <![CDATA["Demo Sites Navigations"]]>
              </value>
            </param>
          </params>
          <reporter-output>
          </reporter-output>
        </test-method> <!-- runScenario -->
        <test-method signature="runScenario(io.cucumber.testng.PickleWrapper,io.cucumber.testng.FeatureWrapper)[pri:0, instance:TestRunner.FeatureRunner@e383572]" started-at="2024-04-03T13:19:14 IST" name="runScenario" description="Runs Cucumber Scenarios" data-provider="scenarios" finished-at="2024-04-03T13:19:42 IST" duration-ms="27372" status="PASS">
          <params>
            <param index="0">
              <value>
                <![CDATA["Navigate to Mouse Event Page"]]>
              </value>
            </param>
            <param index="1">
              <value>
                <![CDATA["Demo Sites Navigations"]]>
              </value>
            </param>
          </params>
          <reporter-output>
          </reporter-output>
        </test-method> <!-- runScenario -->
        <test-method signature="runScenario(io.cucumber.testng.PickleWrapper,io.cucumber.testng.FeatureWrapper)[pri:0, instance:TestRunner.FeatureRunner@e383572]" started-at="2024-04-03T13:19:42 IST" name="runScenario" description="Runs Cucumber Scenarios" data-provider="scenarios" finished-at="2024-04-03T13:20:12 IST" duration-ms="30771" status="PASS">
          <params>
            <param index="0">
              <value>
                <![CDATA["Navigate to Alert and Popup Page"]]>
              </value>
            </param>
            <param index="1">
              <value>
                <![CDATA["Demo Sites Navigations"]]>
              </value>
            </param>
          </params>
          <reporter-output>
          </reporter-output>
        </test-method> <!-- runScenario -->
        <test-method signature="runScenario(io.cucumber.testng.PickleWrapper,io.cucumber.testng.FeatureWrapper)[pri:0, instance:TestRunner.FeatureRunner@e383572]" started-at="2024-04-03T13:20:12 IST" name="runScenario" description="Runs Cucumber Scenarios" data-provider="scenarios" finished-at="2024-04-03T13:20:39 IST" duration-ms="26819" status="PASS">
          <params>
            <param index="0">
              <value>
                <![CDATA["Navigate to Multiple Windows Page"]]>
              </value>
            </param>
            <param index="1">
              <value>
                <![CDATA["Demo Sites Navigations"]]>
              </value>
            </param>
          </params>
          <reporter-output>
          </reporter-output>
        </test-method> <!-- runScenario -->
        <test-method signature="runScenario(io.cucumber.testng.PickleWrapper,io.cucumber.testng.FeatureWrapper)[pri:0, instance:TestRunner.FeatureRunner@e383572]" started-at="2024-04-03T13:20:39 IST" name="runScenario" description="Runs Cucumber Scenarios" data-provider="scenarios" finished-at="2024-04-03T13:21:08 IST" duration-ms="29083" status="PASS">
          <params>
            <param index="0">
              <value>
                <![CDATA["Navigate to iFrames Page"]]>
              </value>
            </param>
            <param index="1">
              <value>
                <![CDATA["Demo Sites Navigations"]]>
              </value>
            </param>
          </params>
          <reporter-output>
          </reporter-output>
        </test-method> <!-- runScenario -->
        <test-method signature="runScenario(io.cucumber.testng.PickleWrapper,io.cucumber.testng.FeatureWrapper)[pri:0, instance:TestRunner.FeatureRunner@e383572]" started-at="2024-04-03T13:21:08 IST" name="runScenario" description="Runs Cucumber Scenarios" data-provider="scenarios" finished-at="2024-04-03T13:21:35 IST" duration-ms="26227" status="PASS">
          <params>
            <param index="0">
              <value>
                <![CDATA["Navigate to WebTable Page"]]>
              </value>
            </param>
            <param index="1">
              <value>
                <![CDATA["Demo Sites Navigations"]]>
              </value>
            </param>
          </params>
          <reporter-output>
          </reporter-output>
        </test-method> <!-- runScenario -->
        <test-method signature="runScenario(io.cucumber.testng.PickleWrapper,io.cucumber.testng.FeatureWrapper)[pri:0, instance:TestRunner.FeatureRunner@e383572]" started-at="2024-04-03T13:21:35 IST" name="runScenario" description="Runs Cucumber Scenarios" data-provider="scenarios" finished-at="2024-04-03T13:22:01 IST" duration-ms="25998" status="PASS">
          <params>
            <param index="0">
              <value>
                <![CDATA["Navigate to Progress Bar Page"]]>
              </value>
            </param>
            <param index="1">
              <value>
                <![CDATA["Demo Sites Navigations"]]>
              </value>
            </param>
          </params>
          <reporter-output>
          </reporter-output>
        </test-method> <!-- runScenario -->
        <test-method signature="runScenario(io.cucumber.testng.PickleWrapper,io.cucumber.testng.FeatureWrapper)[pri:0, instance:TestRunner.FeatureRunner@e383572]" started-at="2024-04-03T13:22:01 IST" name="runScenario" description="Runs Cucumber Scenarios" data-provider="scenarios" finished-at="2024-04-03T13:22:31 IST" duration-ms="29972" status="PASS">
          <params>
            <param index="0">
              <value>
                <![CDATA["Validate Mouse Events Page"]]>
              </value>
            </param>
            <param index="1">
              <value>
                <![CDATA["Mouse Events"]]>
              </value>
            </param>
          </params>
          <reporter-output>
          </reporter-output>
        </test-method> <!-- runScenario -->
        <test-method signature="runScenario(io.cucumber.testng.PickleWrapper,io.cucumber.testng.FeatureWrapper)[pri:0, instance:TestRunner.FeatureRunner@e383572]" started-at="2024-04-03T13:22:31 IST" name="runScenario" description="Runs Cucumber Scenarios" data-provider="scenarios" finished-at="2024-04-03T13:22:58 IST" duration-ms="27864" status="PASS">
          <params>
            <param index="0">
              <value>
                <![CDATA["Validate Multiple Windows Page"]]>
              </value>
            </param>
            <param index="1">
              <value>
                <![CDATA["Multiple Windows"]]>
              </value>
            </param>
          </params>
          <reporter-output>
          </reporter-output>
        </test-method> <!-- runScenario -->
        <test-method signature="runScenario(io.cucumber.testng.PickleWrapper,io.cucumber.testng.FeatureWrapper)[pri:0, instance:TestRunner.FeatureRunner@e383572]" started-at="2024-04-03T13:22:58 IST" name="runScenario" description="Runs Cucumber Scenarios" data-provider="scenarios" finished-at="2024-04-03T13:23:49 IST" duration-ms="50537" status="PASS">
          <params>
            <param index="0">
              <value>
                <![CDATA["Register a New User"]]>
              </value>
            </param>
            <param index="1">
              <value>
                <![CDATA["Registration"]]>
              </value>
            </param>
          </params>
          <reporter-output>
          </reporter-output>
        </test-method> <!-- runScenario -->
        <test-method is-config="true" signature="tearDownClass()[pri:0, instance:TestRunner.FeatureRunner@e383572]" started-at="2024-04-03T13:23:49 IST" name="tearDownClass" finished-at="2024-04-03T13:23:50 IST" duration-ms="1078" status="PASS">
          <reporter-output>
          </reporter-output>
        </test-method> <!-- tearDownClass -->
      </class> <!-- TestRunner.FeatureRunner -->
    </test> <!-- NextGenAI Automation Tests -->
  </suite> <!-- NextGenAI Automation Suite -->
</testng-results>
